<?xml version="1.0" encoding="UTF-8"?>
<!-- Generated by org.testng.reporters.JUnitXMLReporter -->
<testsuite ignored="1" hostname="DESKTOP-QQJINFP" failures="0" tests="5" name="Default test" time="7.72" errors="0" timestamp="2023-01-12T08:55:21 ART">
  <testcase classname="pruebas.Clase8Test" name="login" time="1.725"/>
  <testcase classname="pruebas.Clase8Test" name="login" time="1.364"/>
  <testcase classname="pruebas.Clase8Test" name="login" time="1.345"/>
  <testcase classname="pruebas.Clase8Test" name="login" time="1.338"/>
  <testcase classname="pruebas.Clase8Test" name="login" time="1.304"/>
  <testcase classname="pruebas.Clase8Test" name="buscarPalabra" time="0.0">
    <ignored/>
  </testcase> <!-- buscarPalabra -->
</testsuite> <!-- Default test -->
