<?xml version="1.0" encoding="UTF-8"?>
<!-- Generated by org.testng.reporters.JUnitXMLReporter -->
<testsuite ignored="3" hostname="DESKTOP-QQJINFP" failures="0" tests="2" name="Test" time="38.73" errors="0" timestamp="2023-01-05T08:14:37 ART">
  <testcase classname="Edit.AutomationPractice.Clase5" name="irAContactanos" time="4.699"/>
  <testcase classname="Edit.AutomationPractice.Clase2" name="hacerBusquedaEnEdge" time="33.999"/>
  <testcase classname="Edit.AutomationPractice.Clase2" name="hacerBusquedaEnChrome" time="0.0">
    <ignored/>
  </testcase> <!-- hacerBusquedaEnChrome -->
  <testcase classname="Edit.AutomationPractice.Clase5" name="buscarPalabra" time="0.0">
    <ignored/>
  </testcase> <!-- buscarPalabra -->
  <testcase classname="Edit.AutomationPractice.Clase2" name="hacerBusquedaEnFirefox" time="0.0">
    <ignored/>
  </testcase> <!-- hacerBusquedaEnFirefox -->
</testsuite> <!-- Test -->
